


ARM Macro Assembler    Page 1 


    1 00000000                 AREA             RESET,DATA,READONLY
    2 00000000                 EXPORT           __Vectors
    3 00000000         
    4 00000000         __Vectors
    5 00000000 10001000        DCD              0x10001000
    6 00000004 00000000        DCD              Reset_Handler
    7 00000008                 ALIGN
    8 00000008                 AREA             mycode,CODE,READONLY
    9 00000000                 ENTRY
   10 00000000                 EXPORT           Reset_Handler
   11 00000000         
   12 00000000         Reset_Handler
   13 00000000 480F            ldr              r0,=arr
   14 00000002 4910            ldr              r1,=ele
   15 00000004 4B10            ldr              r3,=result
   16 00000006 F04F 0505       mov              r5,#0x5
   17 0000000A F04F 0400       mov              r4,#0
   18 0000000E 680E            ldr              r6,[r1]
   19 00000010         l1
   20 00000010 F850 2B04       ldr              r2,[r0],#4
   21 00000014 42B2            cmp              r2,r6
   22 00000016 D003            beq              done
   23 00000018 3D01            subs             r5,#1
   24 0000001A 2D00            cmp              r5,#0
   25 0000001C D1F8            bne              l1
   26 0000001E         stop
   27 0000001E E7FE            b                stop
   28 00000020         done
   29 00000020 F04F 0401       mov              r4,#1
   30 00000024 601C            str              r4,[r3]
   31 00000026         
   32 00000026 00 00 00000001 
              00000002 
              00000003 
              00000004 
              00000005 arr     dcd              1,2,3,4,5
   33 0000003C 00000006 
                       ele     dcd              6
   34 00000040 00000000 
              00000000 
              00000000         area             mydata,data,readwrite
   35 00000000 00000000 
                       result  dcd              0
   36 00000004                 END
Command Line: --debug --xref --cpu=Cortex-M3 --apcs=interwork --depend=.\q3.d -
o.\q3.o -IC:\Keil\ARM\RV31\INC -IC:\Keil\ARM\CMSIS\Include -IC:\Keil\ARM\Inc\NX
P\LPC17xx --predefine="__EVAL SETA 1" --list=.\q3.lst q3.s



ARM Macro Assembler    Page 1 Alphabetic symbol ordering
Relocatable symbols

RESET 00000000

Symbol: RESET
   Definitions
      At line 1 in file q3.s
   Uses
      None
Comment: RESET unused
__Vectors 00000000

Symbol: __Vectors
   Definitions
      At line 4 in file q3.s
   Uses
      At line 2 in file q3.s
Comment: __Vectors used once
2 symbols



ARM Macro Assembler    Page 1 Alphabetic symbol ordering
Relocatable symbols

Reset_Handler 00000000

Symbol: Reset_Handler
   Definitions
      At line 12 in file q3.s
   Uses
      At line 6 in file q3.s
      At line 10 in file q3.s

arr 00000028

Symbol: arr
   Definitions
      At line 32 in file q3.s
   Uses
      At line 13 in file q3.s
Comment: arr used once
done 00000020

Symbol: done
   Definitions
      At line 28 in file q3.s
   Uses
      At line 22 in file q3.s
Comment: done used once
ele 0000003C

Symbol: ele
   Definitions
      At line 33 in file q3.s
   Uses
      At line 14 in file q3.s
Comment: ele used once
l1 00000010

Symbol: l1
   Definitions
      At line 19 in file q3.s
   Uses
      At line 25 in file q3.s
Comment: l1 used once
mycode 00000000

Symbol: mycode
   Definitions
      At line 8 in file q3.s
   Uses
      None
Comment: mycode unused
stop 0000001E

Symbol: stop
   Definitions
      At line 26 in file q3.s
   Uses
      At line 27 in file q3.s
Comment: stop used once
7 symbols



ARM Macro Assembler    Page 1 Alphabetic symbol ordering
Relocatable symbols

mydata 00000000

Symbol: mydata
   Definitions
      At line 34 in file q3.s
   Uses
      None
Comment: mydata unused
result 00000000

Symbol: result
   Definitions
      At line 35 in file q3.s
   Uses
      At line 15 in file q3.s
Comment: result used once
2 symbols
344 symbols in table
